<?xml version="1.0" encoding="UTF-8"?>
<testsuite xmlns:xsi="http://www.w3.org/2001/XMLSchema-instance" xsi:noNamespaceSchemaLocation="https://maven.apache.org/surefire/maven-surefire-plugin/xsd/surefire-test-report.xsd" name="com.test.ilern.chk.app.AppApplicationTests" time="3.124" tests="1" errors="0" skipped="0" failures="0">
  <properties>
    <property name="gopherProxySet" value="false"/>
    <property name="awt.toolkit" value="sun.lwawt.macosx.LWCToolkit"/>
    <property name="file.encoding.pkg" value="sun.io"/>
    <property name="java.specification.version" value="1.8"/>
    <property name="sun.cpu.isalist" value=""/>
    <property name="sun.jnu.encoding" value="UTF-8"/>
    <property name="java.class.path" value="/Users/gkumar12/IdeaProjects/app/target/test-classes:/Users/gkumar12/IdeaProjects/app/target/classes:/Users/gkumar12/.m2/repository/org/springframework/boot/spring-boot-starter-mail/2.4.0/spring-boot-starter-mail-2.4.0.jar:/Users/gkumar12/.m2/repository/org/springframework/boot/spring-boot-starter/2.4.0/spring-boot-starter-2.4.0.jar:/Users/gkumar12/.m2/repository/org/springframework/boot/spring-boot-starter-logging/2.4.0/spring-boot-starter-logging-2.4.0.jar:/Users/gkumar12/.m2/repository/ch/qos/logback/logback-classic/1.2.3/logback-classic-1.2.3.jar:/Users/gkumar12/.m2/repository/ch/qos/logback/logback-core/1.2.3/logback-core-1.2.3.jar:/Users/gkumar12/.m2/repository/org/apache/logging/log4j/log4j-to-slf4j/2.13.3/log4j-to-slf4j-2.13.3.jar:/Users/gkumar12/.m2/repository/org/apache/logging/log4j/log4j-api/2.13.3/log4j-api-2.13.3.jar:/Users/gkumar12/.m2/repository/org/slf4j/jul-to-slf4j/1.7.30/jul-to-slf4j-1.7.30.jar:/Users/gkumar12/.m2/repository/jakarta/annotation/jakarta.annotation-api/1.3.5/jakarta.annotation-api-1.3.5.jar:/Users/gkumar12/.m2/repository/org/springframework/spring-context-support/5.3.1/spring-context-support-5.3.1.jar:/Users/gkumar12/.m2/repository/org/springframework/spring-beans/5.3.1/spring-beans-5.3.1.jar:/Users/gkumar12/.m2/repository/org/springframework/spring-context/5.3.1/spring-context-5.3.1.jar:/Users/gkumar12/.m2/repository/org/springframework/spring-aop/5.3.1/spring-aop-5.3.1.jar:/Users/gkumar12/.m2/repository/org/springframework/spring-expression/5.3.1/spring-expression-5.3.1.jar:/Users/gkumar12/.m2/repository/com/sun/mail/jakarta.mail/1.6.5/jakarta.mail-1.6.5.jar:/Users/gkumar12/.m2/repository/com/sun/activation/jakarta.activation/1.2.2/jakarta.activation-1.2.2.jar:/Users/gkumar12/.m2/repository/org/springframework/cloud/spring-cloud-config-server/3.0.0-M5/spring-cloud-config-server-3.0.0-M5.jar:/Users/gkumar12/.m2/repository/org/springframework/cloud/spring-cloud-config-client/3.0.0-M5/spring-cloud-config-client-3.0.0-M5.jar:/Users/gkumar12/.m2/repository/org/springframework/cloud/spring-cloud-commons/3.0.0-M5/spring-cloud-commons-3.0.0-M5.jar:/Users/gkumar12/.m2/repository/org/springframework/cloud/spring-cloud-context/3.0.0-M5/spring-cloud-context-3.0.0-M5.jar:/Users/gkumar12/.m2/repository/org/springframework/spring-web/5.3.1/spring-web-5.3.1.jar:/Users/gkumar12/.m2/repository/com/fasterxml/jackson/core/jackson-annotations/2.11.3/jackson-annotations-2.11.3.jar:/Users/gkumar12/.m2/repository/org/apache/httpcomponents/httpclient/4.5.13/httpclient-4.5.13.jar:/Users/gkumar12/.m2/repository/commons-codec/commons-codec/1.15/commons-codec-1.15.jar:/Users/gkumar12/.m2/repository/org/springframework/boot/spring-boot-starter-actuator/2.4.0/spring-boot-starter-actuator-2.4.0.jar:/Users/gkumar12/.m2/repository/org/springframework/boot/spring-boot-actuator-autoconfigure/2.4.0/spring-boot-actuator-autoconfigure-2.4.0.jar:/Users/gkumar12/.m2/repository/org/springframework/boot/spring-boot-actuator/2.4.0/spring-boot-actuator-2.4.0.jar:/Users/gkumar12/.m2/repository/com/fasterxml/jackson/datatype/jackson-datatype-jsr310/2.11.3/jackson-datatype-jsr310-2.11.3.jar:/Users/gkumar12/.m2/repository/io/micrometer/micrometer-core/1.6.1/micrometer-core-1.6.1.jar:/Users/gkumar12/.m2/repository/org/hdrhistogram/HdrHistogram/2.1.12/HdrHistogram-2.1.12.jar:/Users/gkumar12/.m2/repository/org/latencyutils/LatencyUtils/2.0.3/LatencyUtils-2.0.3.jar:/Users/gkumar12/.m2/repository/org/springframework/boot/spring-boot-starter-web/2.4.0/spring-boot-starter-web-2.4.0.jar:/Users/gkumar12/.m2/repository/org/springframework/boot/spring-boot-starter-json/2.4.0/spring-boot-starter-json-2.4.0.jar:/Users/gkumar12/.m2/repository/com/fasterxml/jackson/datatype/jackson-datatype-jdk8/2.11.3/jackson-datatype-jdk8-2.11.3.jar:/Users/gkumar12/.m2/repository/com/fasterxml/jackson/module/jackson-module-parameter-names/2.11.3/jackson-module-parameter-names-2.11.3.jar:/Users/gkumar12/.m2/repository/org/springframework/boot/spring-boot-starter-tomcat/2.4.0/spring-boot-starter-tomcat-2.4.0.jar:/Users/gkumar12/.m2/repository/org/apache/tomcat/embed/tomcat-embed-core/9.0.39/tomcat-embed-core-9.0.39.jar:/Users/gkumar12/.m2/repository/org/apache/tomcat/embed/tomcat-embed-websocket/9.0.39/tomcat-embed-websocket-9.0.39.jar:/Users/gkumar12/.m2/repository/org/springframework/spring-webmvc/5.3.1/spring-webmvc-5.3.1.jar:/Users/gkumar12/.m2/repository/org/springframework/boot/spring-boot-starter-validation/2.4.0/spring-boot-starter-validation-2.4.0.jar:/Users/gkumar12/.m2/repository/org/glassfish/jakarta.el/3.0.3/jakarta.el-3.0.3.jar:/Users/gkumar12/.m2/repository/org/hibernate/validator/hibernate-validator/6.1.6.Final/hibernate-validator-6.1.6.Final.jar:/Users/gkumar12/.m2/repository/jakarta/validation/jakarta.validation-api/2.0.2/jakarta.validation-api-2.0.2.jar:/Users/gkumar12/.m2/repository/org/jboss/logging/jboss-logging/3.4.1.Final/jboss-logging-3.4.1.Final.jar:/Users/gkumar12/.m2/repository/com/fasterxml/classmate/1.5.1/classmate-1.5.1.jar:/Users/gkumar12/.m2/repository/org/springframework/security/spring-security-crypto/5.4.1/spring-security-crypto-5.4.1.jar:/Users/gkumar12/.m2/repository/org/springframework/security/spring-security-rsa/1.0.9.RELEASE/spring-security-rsa-1.0.9.RELEASE.jar:/Users/gkumar12/.m2/repository/org/bouncycastle/bcpkix-jdk15on/1.64/bcpkix-jdk15on-1.64.jar:/Users/gkumar12/.m2/repository/org/bouncycastle/bcprov-jdk15on/1.64/bcprov-jdk15on-1.64.jar:/Users/gkumar12/.m2/repository/org/eclipse/jgit/org.eclipse.jgit/5.1.3.201810200350-r/org.eclipse.jgit-5.1.3.201810200350-r.jar:/Users/gkumar12/.m2/repository/com/jcraft/jsch/0.1.54/jsch-0.1.54.jar:/Users/gkumar12/.m2/repository/com/jcraft/jzlib/1.1.1/jzlib-1.1.1.jar:/Users/gkumar12/.m2/repository/com/googlecode/javaewah/JavaEWAH/1.1.6/JavaEWAH-1.1.6.jar:/Users/gkumar12/.m2/repository/org/slf4j/slf4j-api/1.7.30/slf4j-api-1.7.30.jar:/Users/gkumar12/.m2/repository/org/eclipse/jgit/org.eclipse.jgit.http.apache/5.1.3.201810200350-r/org.eclipse.jgit.http.apache-5.1.3.201810200350-r.jar:/Users/gkumar12/.m2/repository/org/apache/httpcomponents/httpcore/4.4.13/httpcore-4.4.13.jar:/Users/gkumar12/.m2/repository/org/yaml/snakeyaml/1.27/snakeyaml-1.27.jar:/Users/gkumar12/.m2/repository/com/fasterxml/jackson/dataformat/jackson-dataformat-yaml/2.11.3/jackson-dataformat-yaml-2.11.3.jar:/Users/gkumar12/.m2/repository/com/fasterxml/jackson/core/jackson-core/2.11.3/jackson-core-2.11.3.jar:/Users/gkumar12/.m2/repository/org/springframework/cloud/spring-cloud-starter-config/3.0.0-M5/spring-cloud-starter-config-3.0.0-M5.jar:/Users/gkumar12/.m2/repository/org/springframework/cloud/spring-cloud-starter/3.0.0-M5/spring-cloud-starter-3.0.0-M5.jar:/Users/gkumar12/.m2/repository/com/fasterxml/jackson/core/jackson-databind/2.11.3/jackson-databind-2.11.3.jar:/Users/gkumar12/.m2/repository/org/springframework/boot/spring-boot-devtools/2.4.0/spring-boot-devtools-2.4.0.jar:/Users/gkumar12/.m2/repository/org/springframework/boot/spring-boot/2.4.0/spring-boot-2.4.0.jar:/Users/gkumar12/.m2/repository/org/springframework/boot/spring-boot-autoconfigure/2.4.0/spring-boot-autoconfigure-2.4.0.jar:/Users/gkumar12/.m2/repository/mysql/mysql-connector-java/8.0.22/mysql-connector-java-8.0.22.jar:/Users/gkumar12/.m2/repository/org/springframework/boot/spring-boot-configuration-processor/2.4.0/spring-boot-configuration-processor-2.4.0.jar:/Users/gkumar12/.m2/repository/org/projectlombok/lombok/1.18.16/lombok-1.18.16.jar:/Users/gkumar12/.m2/repository/org/springframework/boot/spring-boot-starter-test/2.4.0/spring-boot-starter-test-2.4.0.jar:/Users/gkumar12/.m2/repository/org/springframework/boot/spring-boot-test/2.4.0/spring-boot-test-2.4.0.jar:/Users/gkumar12/.m2/repository/org/springframework/boot/spring-boot-test-autoconfigure/2.4.0/spring-boot-test-autoconfigure-2.4.0.jar:/Users/gkumar12/.m2/repository/com/jayway/jsonpath/json-path/2.4.0/json-path-2.4.0.jar:/Users/gkumar12/.m2/repository/net/minidev/json-smart/2.3/json-smart-2.3.jar:/Users/gkumar12/.m2/repository/net/minidev/accessors-smart/1.2/accessors-smart-1.2.jar:/Users/gkumar12/.m2/repository/org/ow2/asm/asm/5.0.4/asm-5.0.4.jar:/Users/gkumar12/.m2/repository/jakarta/xml/bind/jakarta.xml.bind-api/2.3.3/jakarta.xml.bind-api-2.3.3.jar:/Users/gkumar12/.m2/repository/jakarta/activation/jakarta.activation-api/1.2.2/jakarta.activation-api-1.2.2.jar:/Users/gkumar12/.m2/repository/org/assertj/assertj-core/3.18.1/assertj-core-3.18.1.jar:/Users/gkumar12/.m2/repository/org/hamcrest/hamcrest/2.2/hamcrest-2.2.jar:/Users/gkumar12/.m2/repository/org/junit/jupiter/junit-jupiter/5.7.0/junit-jupiter-5.7.0.jar:/Users/gkumar12/.m2/repository/org/junit/jupiter/junit-jupiter-api/5.7.0/junit-jupiter-api-5.7.0.jar:/Users/gkumar12/.m2/repository/org/apiguardian/apiguardian-api/1.1.0/apiguardian-api-1.1.0.jar:/Users/gkumar12/.m2/repository/org/opentest4j/opentest4j/1.2.0/opentest4j-1.2.0.jar:/Users/gkumar12/.m2/repository/org/junit/platform/junit-platform-commons/1.7.0/junit-platform-commons-1.7.0.jar:/Users/gkumar12/.m2/repository/org/junit/jupiter/junit-jupiter-params/5.7.0/junit-jupiter-params-5.7.0.jar:/Users/gkumar12/.m2/repository/org/junit/jupiter/junit-jupiter-engine/5.7.0/junit-jupiter-engine-5.7.0.jar:/Users/gkumar12/.m2/repository/org/junit/platform/junit-platform-engine/1.7.0/junit-platform-engine-1.7.0.jar:/Users/gkumar12/.m2/repository/org/mockito/mockito-core/3.6.0/mockito-core-3.6.0.jar:/Users/gkumar12/.m2/repository/net/bytebuddy/byte-buddy/1.10.18/byte-buddy-1.10.18.jar:/Users/gkumar12/.m2/repository/net/bytebuddy/byte-buddy-agent/1.10.18/byte-buddy-agent-1.10.18.jar:/Users/gkumar12/.m2/repository/org/objenesis/objenesis/3.1/objenesis-3.1.jar:/Users/gkumar12/.m2/repository/org/mockito/mockito-junit-jupiter/3.6.0/mockito-junit-jupiter-3.6.0.jar:/Users/gkumar12/.m2/repository/org/skyscreamer/jsonassert/1.5.0/jsonassert-1.5.0.jar:/Users/gkumar12/.m2/repository/com/vaadin/external/google/android-json/0.0.20131108.vaadin1/android-json-0.0.20131108.vaadin1.jar:/Users/gkumar12/.m2/repository/org/springframework/spring-core/5.3.1/spring-core-5.3.1.jar:/Users/gkumar12/.m2/repository/org/springframework/spring-jcl/5.3.1/spring-jcl-5.3.1.jar:/Users/gkumar12/.m2/repository/org/springframework/spring-test/5.3.1/spring-test-5.3.1.jar:/Users/gkumar12/.m2/repository/org/xmlunit/xmlunit-core/2.7.0/xmlunit-core-2.7.0.jar:"/>
    <property name="java.vm.vendor" value="Oracle Corporation"/>
    <property name="sun.arch.data.model" value="64"/>
    <property name="java.vendor.url" value="http://java.oracle.com/"/>
    <property name="user.timezone" value=""/>
    <property name="java.vm.specification.version" value="1.8"/>
    <property name="os.name" value="Mac OS X"/>
    <property name="user.country" value="IN"/>
    <property name="sun.java.launcher" value="SUN_STANDARD"/>
    <property name="sun.boot.library.path" value="/Library/Java/JavaVirtualMachines/jdk1.8.0_271.jdk/Contents/Home/jre/lib"/>
    <property name="sun.java.command" value="/Users/gkumar12/IdeaProjects/app/target/surefire/surefirebooter3736584206339098173.jar /Users/gkumar12/IdeaProjects/app/target/surefire 2020-12-04T16-45-04_697-jvmRun1 surefire8545374843018266770tmp surefire_04771556539503887611tmp"/>
    <property name="surefire.test.class.path" value="/Users/gkumar12/IdeaProjects/app/target/test-classes:/Users/gkumar12/IdeaProjects/app/target/classes:/Users/gkumar12/.m2/repository/org/springframework/boot/spring-boot-starter-mail/2.4.0/spring-boot-starter-mail-2.4.0.jar:/Users/gkumar12/.m2/repository/org/springframework/boot/spring-boot-starter/2.4.0/spring-boot-starter-2.4.0.jar:/Users/gkumar12/.m2/repository/org/springframework/boot/spring-boot-starter-logging/2.4.0/spring-boot-starter-logging-2.4.0.jar:/Users/gkumar12/.m2/repository/ch/qos/logback/logback-classic/1.2.3/logback-classic-1.2.3.jar:/Users/gkumar12/.m2/repository/ch/qos/logback/logback-core/1.2.3/logback-core-1.2.3.jar:/Users/gkumar12/.m2/repository/org/apache/logging/log4j/log4j-to-slf4j/2.13.3/log4j-to-slf4j-2.13.3.jar:/Users/gkumar12/.m2/repository/org/apache/logging/log4j/log4j-api/2.13.3/log4j-api-2.13.3.jar:/Users/gkumar12/.m2/repository/org/slf4j/jul-to-slf4j/1.7.30/jul-to-slf4j-1.7.30.jar:/Users/gkumar12/.m2/repository/jakarta/annotation/jakarta.annotation-api/1.3.5/jakarta.annotation-api-1.3.5.jar:/Users/gkumar12/.m2/repository/org/springframework/spring-context-support/5.3.1/spring-context-support-5.3.1.jar:/Users/gkumar12/.m2/repository/org/springframework/spring-beans/5.3.1/spring-beans-5.3.1.jar:/Users/gkumar12/.m2/repository/org/springframework/spring-context/5.3.1/spring-context-5.3.1.jar:/Users/gkumar12/.m2/repository/org/springframework/spring-aop/5.3.1/spring-aop-5.3.1.jar:/Users/gkumar12/.m2/repository/org/springframework/spring-expression/5.3.1/spring-expression-5.3.1.jar:/Users/gkumar12/.m2/repository/com/sun/mail/jakarta.mail/1.6.5/jakarta.mail-1.6.5.jar:/Users/gkumar12/.m2/repository/com/sun/activation/jakarta.activation/1.2.2/jakarta.activation-1.2.2.jar:/Users/gkumar12/.m2/repository/org/springframework/cloud/spring-cloud-config-server/3.0.0-M5/spring-cloud-config-server-3.0.0-M5.jar:/Users/gkumar12/.m2/repository/org/springframework/cloud/spring-cloud-config-client/3.0.0-M5/spring-cloud-config-client-3.0.0-M5.jar:/Users/gkumar12/.m2/repository/org/springframework/cloud/spring-cloud-commons/3.0.0-M5/spring-cloud-commons-3.0.0-M5.jar:/Users/gkumar12/.m2/repository/org/springframework/cloud/spring-cloud-context/3.0.0-M5/spring-cloud-context-3.0.0-M5.jar:/Users/gkumar12/.m2/repository/org/springframework/spring-web/5.3.1/spring-web-5.3.1.jar:/Users/gkumar12/.m2/repository/com/fasterxml/jackson/core/jackson-annotations/2.11.3/jackson-annotations-2.11.3.jar:/Users/gkumar12/.m2/repository/org/apache/httpcomponents/httpclient/4.5.13/httpclient-4.5.13.jar:/Users/gkumar12/.m2/repository/commons-codec/commons-codec/1.15/commons-codec-1.15.jar:/Users/gkumar12/.m2/repository/org/springframework/boot/spring-boot-starter-actuator/2.4.0/spring-boot-starter-actuator-2.4.0.jar:/Users/gkumar12/.m2/repository/org/springframework/boot/spring-boot-actuator-autoconfigure/2.4.0/spring-boot-actuator-autoconfigure-2.4.0.jar:/Users/gkumar12/.m2/repository/org/springframework/boot/spring-boot-actuator/2.4.0/spring-boot-actuator-2.4.0.jar:/Users/gkumar12/.m2/repository/com/fasterxml/jackson/datatype/jackson-datatype-jsr310/2.11.3/jackson-datatype-jsr310-2.11.3.jar:/Users/gkumar12/.m2/repository/io/micrometer/micrometer-core/1.6.1/micrometer-core-1.6.1.jar:/Users/gkumar12/.m2/repository/org/hdrhistogram/HdrHistogram/2.1.12/HdrHistogram-2.1.12.jar:/Users/gkumar12/.m2/repository/org/latencyutils/LatencyUtils/2.0.3/LatencyUtils-2.0.3.jar:/Users/gkumar12/.m2/repository/org/springframework/boot/spring-boot-starter-web/2.4.0/spring-boot-starter-web-2.4.0.jar:/Users/gkumar12/.m2/repository/org/springframework/boot/spring-boot-starter-json/2.4.0/spring-boot-starter-json-2.4.0.jar:/Users/gkumar12/.m2/repository/com/fasterxml/jackson/datatype/jackson-datatype-jdk8/2.11.3/jackson-datatype-jdk8-2.11.3.jar:/Users/gkumar12/.m2/repository/com/fasterxml/jackson/module/jackson-module-parameter-names/2.11.3/jackson-module-parameter-names-2.11.3.jar:/Users/gkumar12/.m2/repository/org/springframework/boot/spring-boot-starter-tomcat/2.4.0/spring-boot-starter-tomcat-2.4.0.jar:/Users/gkumar12/.m2/repository/org/apache/tomcat/embed/tomcat-embed-core/9.0.39/tomcat-embed-core-9.0.39.jar:/Users/gkumar12/.m2/repository/org/apache/tomcat/embed/tomcat-embed-websocket/9.0.39/tomcat-embed-websocket-9.0.39.jar:/Users/gkumar12/.m2/repository/org/springframework/spring-webmvc/5.3.1/spring-webmvc-5.3.1.jar:/Users/gkumar12/.m2/repository/org/springframework/boot/spring-boot-starter-validation/2.4.0/spring-boot-starter-validation-2.4.0.jar:/Users/gkumar12/.m2/repository/org/glassfish/jakarta.el/3.0.3/jakarta.el-3.0.3.jar:/Users/gkumar12/.m2/repository/org/hibernate/validator/hibernate-validator/6.1.6.Final/hibernate-validator-6.1.6.Final.jar:/Users/gkumar12/.m2/repository/jakarta/validation/jakarta.validation-api/2.0.2/jakarta.validation-api-2.0.2.jar:/Users/gkumar12/.m2/repository/org/jboss/logging/jboss-logging/3.4.1.Final/jboss-logging-3.4.1.Final.jar:/Users/gkumar12/.m2/repository/com/fasterxml/classmate/1.5.1/classmate-1.5.1.jar:/Users/gkumar12/.m2/repository/org/springframework/security/spring-security-crypto/5.4.1/spring-security-crypto-5.4.1.jar:/Users/gkumar12/.m2/repository/org/springframework/security/spring-security-rsa/1.0.9.RELEASE/spring-security-rsa-1.0.9.RELEASE.jar:/Users/gkumar12/.m2/repository/org/bouncycastle/bcpkix-jdk15on/1.64/bcpkix-jdk15on-1.64.jar:/Users/gkumar12/.m2/repository/org/bouncycastle/bcprov-jdk15on/1.64/bcprov-jdk15on-1.64.jar:/Users/gkumar12/.m2/repository/org/eclipse/jgit/org.eclipse.jgit/5.1.3.201810200350-r/org.eclipse.jgit-5.1.3.201810200350-r.jar:/Users/gkumar12/.m2/repository/com/jcraft/jsch/0.1.54/jsch-0.1.54.jar:/Users/gkumar12/.m2/repository/com/jcraft/jzlib/1.1.1/jzlib-1.1.1.jar:/Users/gkumar12/.m2/repository/com/googlecode/javaewah/JavaEWAH/1.1.6/JavaEWAH-1.1.6.jar:/Users/gkumar12/.m2/repository/org/slf4j/slf4j-api/1.7.30/slf4j-api-1.7.30.jar:/Users/gkumar12/.m2/repository/org/eclipse/jgit/org.eclipse.jgit.http.apache/5.1.3.201810200350-r/org.eclipse.jgit.http.apache-5.1.3.201810200350-r.jar:/Users/gkumar12/.m2/repository/org/apache/httpcomponents/httpcore/4.4.13/httpcore-4.4.13.jar:/Users/gkumar12/.m2/repository/org/yaml/snakeyaml/1.27/snakeyaml-1.27.jar:/Users/gkumar12/.m2/repository/com/fasterxml/jackson/dataformat/jackson-dataformat-yaml/2.11.3/jackson-dataformat-yaml-2.11.3.jar:/Users/gkumar12/.m2/repository/com/fasterxml/jackson/core/jackson-core/2.11.3/jackson-core-2.11.3.jar:/Users/gkumar12/.m2/repository/org/springframework/cloud/spring-cloud-starter-config/3.0.0-M5/spring-cloud-starter-config-3.0.0-M5.jar:/Users/gkumar12/.m2/repository/org/springframework/cloud/spring-cloud-starter/3.0.0-M5/spring-cloud-starter-3.0.0-M5.jar:/Users/gkumar12/.m2/repository/com/fasterxml/jackson/core/jackson-databind/2.11.3/jackson-databind-2.11.3.jar:/Users/gkumar12/.m2/repository/org/springframework/boot/spring-boot-devtools/2.4.0/spring-boot-devtools-2.4.0.jar:/Users/gkumar12/.m2/repository/org/springframework/boot/spring-boot/2.4.0/spring-boot-2.4.0.jar:/Users/gkumar12/.m2/repository/org/springframework/boot/spring-boot-autoconfigure/2.4.0/spring-boot-autoconfigure-2.4.0.jar:/Users/gkumar12/.m2/repository/mysql/mysql-connector-java/8.0.22/mysql-connector-java-8.0.22.jar:/Users/gkumar12/.m2/repository/org/springframework/boot/spring-boot-configuration-processor/2.4.0/spring-boot-configuration-processor-2.4.0.jar:/Users/gkumar12/.m2/repository/org/projectlombok/lombok/1.18.16/lombok-1.18.16.jar:/Users/gkumar12/.m2/repository/org/springframework/boot/spring-boot-starter-test/2.4.0/spring-boot-starter-test-2.4.0.jar:/Users/gkumar12/.m2/repository/org/springframework/boot/spring-boot-test/2.4.0/spring-boot-test-2.4.0.jar:/Users/gkumar12/.m2/repository/org/springframework/boot/spring-boot-test-autoconfigure/2.4.0/spring-boot-test-autoconfigure-2.4.0.jar:/Users/gkumar12/.m2/repository/com/jayway/jsonpath/json-path/2.4.0/json-path-2.4.0.jar:/Users/gkumar12/.m2/repository/net/minidev/json-smart/2.3/json-smart-2.3.jar:/Users/gkumar12/.m2/repository/net/minidev/accessors-smart/1.2/accessors-smart-1.2.jar:/Users/gkumar12/.m2/repository/org/ow2/asm/asm/5.0.4/asm-5.0.4.jar:/Users/gkumar12/.m2/repository/jakarta/xml/bind/jakarta.xml.bind-api/2.3.3/jakarta.xml.bind-api-2.3.3.jar:/Users/gkumar12/.m2/repository/jakarta/activation/jakarta.activation-api/1.2.2/jakarta.activation-api-1.2.2.jar:/Users/gkumar12/.m2/repository/org/assertj/assertj-core/3.18.1/assertj-core-3.18.1.jar:/Users/gkumar12/.m2/repository/org/hamcrest/hamcrest/2.2/hamcrest-2.2.jar:/Users/gkumar12/.m2/repository/org/junit/jupiter/junit-jupiter/5.7.0/junit-jupiter-5.7.0.jar:/Users/gkumar12/.m2/repository/org/junit/jupiter/junit-jupiter-api/5.7.0/junit-jupiter-api-5.7.0.jar:/Users/gkumar12/.m2/repository/org/apiguardian/apiguardian-api/1.1.0/apiguardian-api-1.1.0.jar:/Users/gkumar12/.m2/repository/org/opentest4j/opentest4j/1.2.0/opentest4j-1.2.0.jar:/Users/gkumar12/.m2/repository/org/junit/platform/junit-platform-commons/1.7.0/junit-platform-commons-1.7.0.jar:/Users/gkumar12/.m2/repository/org/junit/jupiter/junit-jupiter-params/5.7.0/junit-jupiter-params-5.7.0.jar:/Users/gkumar12/.m2/repository/org/junit/jupiter/junit-jupiter-engine/5.7.0/junit-jupiter-engine-5.7.0.jar:/Users/gkumar12/.m2/repository/org/junit/platform/junit-platform-engine/1.7.0/junit-platform-engine-1.7.0.jar:/Users/gkumar12/.m2/repository/org/mockito/mockito-core/3.6.0/mockito-core-3.6.0.jar:/Users/gkumar12/.m2/repository/net/bytebuddy/byte-buddy/1.10.18/byte-buddy-1.10.18.jar:/Users/gkumar12/.m2/repository/net/bytebuddy/byte-buddy-agent/1.10.18/byte-buddy-agent-1.10.18.jar:/Users/gkumar12/.m2/repository/org/objenesis/objenesis/3.1/objenesis-3.1.jar:/Users/gkumar12/.m2/repository/org/mockito/mockito-junit-jupiter/3.6.0/mockito-junit-jupiter-3.6.0.jar:/Users/gkumar12/.m2/repository/org/skyscreamer/jsonassert/1.5.0/jsonassert-1.5.0.jar:/Users/gkumar12/.m2/repository/com/vaadin/external/google/android-json/0.0.20131108.vaadin1/android-json-0.0.20131108.vaadin1.jar:/Users/gkumar12/.m2/repository/org/springframework/spring-core/5.3.1/spring-core-5.3.1.jar:/Users/gkumar12/.m2/repository/org/springframework/spring-jcl/5.3.1/spring-jcl-5.3.1.jar:/Users/gkumar12/.m2/repository/org/springframework/spring-test/5.3.1/spring-test-5.3.1.jar:/Users/gkumar12/.m2/repository/org/xmlunit/xmlunit-core/2.7.0/xmlunit-core-2.7.0.jar:"/>
    <property name="sun.cpu.endian" value="little"/>
    <property name="user.home" value="/Users/gkumar12"/>
    <property name="user.language" value="en"/>
    <property name="java.specification.vendor" value="Oracle Corporation"/>
    <property name="java.home" value="/Library/Java/JavaVirtualMachines/jdk1.8.0_271.jdk/Contents/Home/jre"/>
    <property name="basedir" value="/Users/gkumar12/IdeaProjects/app"/>
    <property name="file.separator" value="/"/>
    <property name="line.separator" value="&#10;"/>
    <property name="java.vm.specification.vendor" value="Oracle Corporation"/>
    <property name="java.specification.name" value="Java Platform API Specification"/>
    <property name="java.awt.graphicsenv" value="sun.awt.CGraphicsEnvironment"/>
    <property name="surefire.real.class.path" value="/Users/gkumar12/IdeaProjects/app/target/surefire/surefirebooter3736584206339098173.jar"/>
    <property name="sun.boot.class.path" value="/Library/Java/JavaVirtualMachines/jdk1.8.0_271.jdk/Contents/Home/jre/lib/resources.jar:/Library/Java/JavaVirtualMachines/jdk1.8.0_271.jdk/Contents/Home/jre/lib/rt.jar:/Library/Java/JavaVirtualMachines/jdk1.8.0_271.jdk/Contents/Home/jre/lib/sunrsasign.jar:/Library/Java/JavaVirtualMachines/jdk1.8.0_271.jdk/Contents/Home/jre/lib/jsse.jar:/Library/Java/JavaVirtualMachines/jdk1.8.0_271.jdk/Contents/Home/jre/lib/jce.jar:/Library/Java/JavaVirtualMachines/jdk1.8.0_271.jdk/Contents/Home/jre/lib/charsets.jar:/Library/Java/JavaVirtualMachines/jdk1.8.0_271.jdk/Contents/Home/jre/lib/jfr.jar:/Library/Java/JavaVirtualMachines/jdk1.8.0_271.jdk/Contents/Home/jre/classes"/>
    <property name="sun.management.compiler" value="HotSpot 64-Bit Tiered Compilers"/>
    <property name="java.runtime.version" value="1.8.0_271-b09"/>
    <property name="user.name" value="gkumar12"/>
    <property name="path.separator" value=":"/>
    <property name="os.version" value="10.15.7"/>
    <property name="java.endorsed.dirs" value="/Library/Java/JavaVirtualMachines/jdk1.8.0_271.jdk/Contents/Home/jre/lib/endorsed"/>
    <property name="java.runtime.name" value="Java(TM) SE Runtime Environment"/>
    <property name="file.encoding" value="US-ASCII"/>
    <property name="java.vm.name" value="Java HotSpot(TM) 64-Bit Server VM"/>
    <property name="localRepository" value="/Users/gkumar12/.m2/repository"/>
    <property name="java.vendor.url.bug" value="http://bugreport.sun.com/bugreport/"/>
    <property name="java.io.tmpdir" value="/var/folders/v9/6g0qc65111x8k85nnvq249wh0000gn/T/"/>
    <property name="java.version" value="1.8.0_271"/>
    <property name="user.dir" value="/Users/gkumar12/IdeaProjects/app"/>
    <property name="os.arch" value="x86_64"/>
    <property name="java.vm.specification.name" value="Java Virtual Machine Specification"/>
    <property name="java.awt.printerjob" value="sun.lwawt.macosx.CPrinterJob"/>
    <property name="sun.os.patch.level" value="unknown"/>
    <property name="java.library.path" value="/Users/gkumar12/Library/Java/Extensions:/Library/Java/Extensions:/Network/Library/Java/Extensions:/System/Library/Java/Extensions:/usr/lib/java:."/>
    <property name="java.vm.info" value="mixed mode"/>
    <property name="java.vendor" value="Oracle Corporation"/>
    <property name="java.vm.version" value="25.271-b09"/>
    <property name="java.ext.dirs" value="/Users/gkumar12/Library/Java/Extensions:/Library/Java/JavaVirtualMachines/jdk1.8.0_271.jdk/Contents/Home/jre/lib/ext:/Library/Java/Extensions:/Network/Library/Java/Extensions:/System/Library/Java/Extensions:/usr/lib/java"/>
    <property name="sun.io.unicode.encoding" value="UnicodeBig"/>
    <property name="java.class.version" value="52.0"/>
  </properties>
  <testcase name="contextLoads" classname="com.test.ilern.chk.app.AppApplicationTests" time="0.238"/>
</testsuite>